{"/home/jalaj/Documents/do/vue/project-spec/src/components/HelloWorld.vue": {"path":"/home/jalaj/Documents/do/vue/project-spec/src/components/HelloWorld.vue","statementMap":{"0":{"start":{"line":21,"column":0},"end":{"line":21,"column":null}},"1":{"start":{"line":22,"column":15},"end":{"line":22,"column":null}},"2":{"start":{"line":26,"column":4},"end":{"line":26,"column":10}},"3":{"start":{"line":37,"column":6},"end":{"line":37,"column":11}},"4":{"start":{"line":38,"column":6},"end":{"line":38,"column":13}}},"fnMap":{"0":{"name":"(anonymous_0)","decl":{"start":{"line":25,"column":2},"end":{"line":25,"column":6}},"loc":{"start":{"line":25,"column":8},"end":{"line":34,"column":null}}},"1":{"name":"(anonymous_1)","decl":{"start":{"line":36,"column":4},"end":{"line":36,"column":14}},"loc":{"start":{"line":36,"column":21},"end":{"line":39,"column":null}}}},"branchMap":{},"s":{"0":1,"1":1,"2":2,"3":1,"4":1},"f":{"0":2,"1":1},"b":{}}
,"/home/jalaj/Documents/do/vue/project-spec/src/components/UserTable.vue": {"path":"/home/jalaj/Documents/do/vue/project-spec/src/components/UserTable.vue","statementMap":{"0":{"start":{"line":25,"column":0},"end":{"line":25,"column":null}},"1":{"start":{"line":27,"column":14},"end":{"line":27,"column":null}},"2":{"start":{"line":30,"column":8},"end":{"line":30,"column":14}},"3":{"start":{"line":35,"column":8},"end":{"line":35,"column":13}},"4":{"start":{"line":37,"column":12},"end":{"line":37,"column":17}},"5":{"start":{"line":41,"column":8},"end":{"line":41,"column":15}}},"fnMap":{"0":{"name":"(anonymous_0)","decl":{"start":{"line":29,"column":4},"end":{"line":29,"column":8}},"loc":{"start":{"line":29,"column":11},"end":{"line":33,"column":null}}},"1":{"name":"(anonymous_1)","decl":{"start":{"line":34,"column":4},"end":{"line":34,"column":10}},"loc":{"start":{"line":34,"column":19},"end":{"line":42,"column":null}}},"2":{"name":"(anonymous_2)","decl":{"start":{"line":36,"column":15},"end":{"line":36,"column":23}},"loc":{"start":{"line":36,"column":23},"end":{"line":39,"column":null}}},"3":{"name":"(anonymous_3)","decl":{"start":{"line":40,"column":15},"end":{"line":40,"column":18}},"loc":{"start":{"line":41,"column":8},"end":{"line":41,"column":15}}}},"branchMap":{},"s":{"0":2,"1":2,"2":1,"3":1,"4":0,"5":0},"f":{"0":1,"1":1,"2":0,"3":0},"b":{}}
}
