TN:
SF:/home/jalaj/Documents/do/vue/project-spec/src/components/HelloWorld.vue
FN:25,(anonymous_0)
FN:36,(anonymous_1)
FNF:2
FNH:2
FNDA:2,(anonymous_0)
FNDA:1,(anonymous_1)
DA:21,1
DA:22,1
DA:26,2
DA:37,1
DA:38,1
LF:5
LH:5
BRF:0
BRH:0
end_of_record
TN:
SF:/home/jalaj/Documents/do/vue/project-spec/src/components/UserTable.vue
FN:29,(anonymous_0)
FN:34,(anonymous_1)
FN:36,(anonymous_2)
FN:40,(anonymous_3)
FNF:4
FNH:2
FNDA:1,(anonymous_0)
FNDA:1,(anonymous_1)
FNDA:0,(anonymous_2)
FNDA:0,(anonymous_3)
DA:25,2
DA:27,2
DA:30,1
DA:35,1
DA:37,0
DA:41,0
LF:6
LH:4
BRF:0
BRH:0
end_of_record
